<?xml version="1.0" encoding="UTF-8"?>
<!-- Generated by org.testng.reporters.JUnitXMLReporter -->
<testsuite hostname="PriyankaSahni.local" ignored="0" name="Default test" tests="3" failures="0" timestamp="24 Apr 2020 08:35:19 GMT" time="52.673" errors="0">
  <testcase name="loginPageTitleTest" time="0.038" classname="com.qa.testscripts.LoginPageTest"/>
  <testcase name="drupalLogoImageTest" time="0.044" classname="com.qa.testscripts.LoginPageTest"/>
  <testcase name="loginTest" time="7.34" classname="com.qa.testscripts.LoginPageTest"/>
</testsuite> <!-- Default test -->
