<?xml version="1.0" encoding="UTF-8"?>
<!-- Generated by org.testng.reporters.JUnitXMLReporter -->
<testsuite hostname="PriyankaSahni.local" ignored="0" name="Default test" tests="3" failures="0" timestamp="24 Apr 2020 07:31:42 GMT" time="11.878" errors="0">
  <testcase name="loginPageTitleTest" time="0.054" classname="com.qa.testscripts.LoginPageTest"/>
  <testcase name="drupalLogoImageTest" time="0.05" classname="com.qa.testscripts.LoginPageTest"/>
  <testcase name="loginTest" time="5.839" classname="com.qa.testscripts.LoginPageTest"/>
</testsuite> <!-- Default test -->
